<?xml version="1.0" encoding="UTF-8"?>
<!-- Generated by org.testng.reporters.JUnitXMLReporter -->
<testsuite ignored="0" hostname="xuxu" failures="0" tests="8" name="BaseStudy/test/TestNgStudy" time="0.233" errors="0" timestamp="2022-07-19T15:21:11 CST">
  <testcase classname="TestNgStudy.ParamDataTestPlus" name="LoginTestFuntion1" time="0.065"/>
  <testcase classname="TestNgStudy.ParamDataTestPlus" name="LoginTestFuntion2" time="0.001"/>
  <testcase classname="TestNgStudy.ParamDataTestPlus" name="LoginTestFuntion2" time="0.001"/>
  <testcase classname="TestNgStudy.ParamDataTestPlus" name="LoginTestFuntion2" time="0.0"/>
  <testcase classname="TestNgStudy.ParamDataTestPlus" name="LoginTestFuntion2" time="0.0"/>
  <testcase classname="TestNgStudy.ParamDataTestPlus" name="LoginTestFuntion2" time="0.001"/>
  <testcase classname="TestNgStudy.ParamDataTestPlus" name="LoginTestFuntion2" time="0.0"/>
  <testcase classname="TestNgStudy.ParamDataTestPlus" name="LoginTestFuntion2" time="0.0"/>
</testsuite> <!-- BaseStudy/test/TestNgStudy -->
