<?xml version="1.0" encoding="UTF-8"?>
<!-- Generated by org.testng.reporters.JUnitXMLReporter -->
<testsuite ignored="0" hostname="xuxu" failures="0" tests="8" name="BaseStudy/test/TestNgStudy" time="0.231" errors="0" timestamp="2022-07-19T17:50:45 CST">
  <testcase classname="TestNgStudy.ParamDataPlusTest" name="LoginTestFuntion1" time="0.015"/>
  <testcase classname="TestNgStudy.ParamDataPlusTest" name="LoginTestFuntion2" time="0.001"/>
  <testcase classname="TestNgStudy.ParamDataPlusTest" name="LoginTestFuntion2" time="0.001"/>
  <testcase classname="TestNgStudy.ParamDataPlusTest" name="LoginTestFuntion2" time="0.0"/>
  <testcase classname="TestNgStudy.ParamDataPlusTest" name="LoginTestFuntion2" time="0.001"/>
  <testcase classname="TestNgStudy.ParamDataPlusTest" name="LoginTestFuntion2" time="0.0"/>
  <testcase classname="TestNgStudy.ParamDataPlusTest" name="LoginTestFuntion2" time="0.0"/>
  <testcase classname="TestNgStudy.ParamDataPlusTest" name="LoginTestFuntion2" time="0.0"/>
</testsuite> <!-- BaseStudy/test/TestNgStudy -->
